PLINK v1.90b6.16 64-bit (19 Feb 2020)
Options in effect:
  --bfile pkd2
  --hwe 1E-6
  --indep-pairwise 50 5 0.2
  --maf 0.01
  --out pkd2

Hostname: namazu.mma.cs.tsukuba.ac.jp
Working directory: /home/lihongmin/Projects/PKD_1_2
Start time: Thu Nov 12 17:42:33 2020

Random number seed: 1605170553
31805 MB RAM detected; reserving 15902 MB for main workspace.
2325 variants loaded from .bim file.
2535 people (0 males, 0 females, 2535 ambiguous) loaded from .fam.
Ambiguous sex IDs written to pkd2.nosex .
Using 1 thread (no multithreaded calculations invoked).
Before main variant filters, 2535 founders and 0 nonfounders present.
Calculating allele frequencies... done.
Total genotyping rate is 0.999985.
--hwe: 80 variants removed due to Hardy-Weinberg exact test.
2050 variants removed due to minor allele threshold(s)
(--maf/--max-maf/--mac/--max-mac).
195 variants and 2535 people pass filters and QC.
Note: No phenotypes present.
Pruned 140 variants from chromosome 4, leaving 55.
Pruning complete.  140 of 195 variants removed.
Marker lists written to pkd2.prune.in and pkd2.prune.out .

End time: Thu Nov 12 17:42:33 2020
